<?xml version="1.0" encoding="UTF-8"?>
<!-- Generated by org.testng.reporters.JUnitXMLReporter -->
<testsuite ignored="0" hostname="LAPTOP-DTIL5QAT" failures="0" tests="5" name="Default test" time="221.099" errors="0" timestamp="2021-01-03T19:49:02 IST">
  <testcase classname="Practice.AppiumFramework.SDET_MobileAssignment" name="signIn" time="73.356"/>
  <testcase classname="Practice.AppiumFramework.SDET_MobileAssignment" name="joinClass" time="27.907"/>
  <testcase classname="Practice.AppiumFramework.SDET_MobileAssignment" name="courseSearch" time="23.978"/>
  <testcase classname="Practice.AppiumFramework.SDET_MobileAssignment" name="manageTeacher" time="14.506"/>
  <testcase classname="Practice.AppiumFramework.SDET_MobileAssignment" name="termsOfservice" time="79.065"/>
</testsuite> <!-- Default test -->
