<?xml version="1.0" encoding="UTF-8"?>
<!-- Generated by org.testng.reporters.JUnitXMLReporter -->
<testsuite ignored="0" hostname="LAPTOP-DTIL5QAT" failures="0" tests="5" name="Test" time="236.9" errors="0" timestamp="2021-01-03T20:46:29 IST">
  <testcase classname="Practice.AppiumFramework.SDET_MobileAssignment" name="signIn" time="83.353"/>
  <testcase classname="Practice.AppiumFramework.SDET_MobileAssignment" name="joinClass" time="32.224"/>
  <testcase classname="Practice.AppiumFramework.SDET_MobileAssignment" name="courseSearch" time="23.954"/>
  <testcase classname="Practice.AppiumFramework.SDET_MobileAssignment" name="manageTeacher" time="14.903"/>
  <testcase classname="Practice.AppiumFramework.SDET_MobileAssignment" name="termsOfservice" time="80.176"/>
</testsuite> <!-- Test -->
