<?xml version="1.0" encoding="UTF-8"?>
<!-- Generated by org.testng.reporters.JUnitXMLReporter -->
<testsuite ignored="0" hostname="LAPTOP-DTIL5QAT" failures="0" tests="5" name="Test" time="225.586" errors="0" timestamp="2021-01-03T20:01:22 IST">
  <testcase classname="Practice.AppiumFramework.SDET_MobileAssignment" name="signIn" time="76.673"/>
  <testcase classname="Practice.AppiumFramework.SDET_MobileAssignment" name="joinClass" time="28.486"/>
  <testcase classname="Practice.AppiumFramework.SDET_MobileAssignment" name="courseSearch" time="24.041"/>
  <testcase classname="Practice.AppiumFramework.SDET_MobileAssignment" name="manageTeacher" time="15.231"/>
  <testcase classname="Practice.AppiumFramework.SDET_MobileAssignment" name="termsOfservice" time="78.864"/>
</testsuite> <!-- Test -->
