<?xml version="1.0" encoding="UTF-8"?>
<testng-results ignored="0" total="5" passed="5" failed="0" skipped="0">
  <reporter-output>
  </reporter-output>
  <suite started-at="2021-01-03T19:57:36 IST" name="Suite" finished-at="2021-01-03T20:01:22 IST" duration-ms="225586">
    <groups>
    </groups>
    <test started-at="2021-01-03T19:57:36 IST" name="Test" finished-at="2021-01-03T20:01:22 IST" duration-ms="225586">
      <class name="Practice.AppiumFramework.SDET_MobileAssignment">
        <test-method is-config="true" signature="beforetest()[pri:0, instance:Practice.AppiumFramework.SDET_MobileAssignment@6babf3bf]" started-at="2021-01-03T19:57:36 IST" name="beforetest" finished-at="2021-01-03T19:57:38 IST" duration-ms="2061" status="PASS">
          <reporter-output>
          </reporter-output>
        </test-method> <!-- beforetest -->
        <test-method signature="signIn()[pri:0, instance:Practice.AppiumFramework.SDET_MobileAssignment@6babf3bf]" started-at="2021-01-03T19:57:38 IST" name="signIn" finished-at="2021-01-03T19:58:55 IST" duration-ms="76673" status="PASS">
          <reporter-output>
          </reporter-output>
        </test-method> <!-- signIn -->
        <test-method signature="joinClass()[pri:1, instance:Practice.AppiumFramework.SDET_MobileAssignment@6babf3bf]" started-at="2021-01-03T19:58:55 IST" name="joinClass" finished-at="2021-01-03T19:59:23 IST" duration-ms="28486" status="PASS">
          <reporter-output>
          </reporter-output>
        </test-method> <!-- joinClass -->
        <test-method signature="courseSearch()[pri:2, instance:Practice.AppiumFramework.SDET_MobileAssignment@6babf3bf]" started-at="2021-01-03T19:59:23 IST" name="courseSearch" finished-at="2021-01-03T19:59:47 IST" duration-ms="24041" status="PASS">
          <reporter-output>
          </reporter-output>
        </test-method> <!-- courseSearch -->
        <test-method signature="manageTeacher()[pri:3, instance:Practice.AppiumFramework.SDET_MobileAssignment@6babf3bf]" started-at="2021-01-03T19:59:47 IST" name="manageTeacher" finished-at="2021-01-03T20:00:03 IST" duration-ms="15231" status="PASS">
          <reporter-output>
          </reporter-output>
        </test-method> <!-- manageTeacher -->
        <test-method signature="termsOfservice()[pri:4, instance:Practice.AppiumFramework.SDET_MobileAssignment@6babf3bf]" started-at="2021-01-03T20:00:03 IST" name="termsOfservice" finished-at="2021-01-03T20:01:21 IST" duration-ms="78864" status="PASS">
          <reporter-output>
          </reporter-output>
        </test-method> <!-- termsOfservice -->
        <test-method is-config="true" signature="afterclass()[pri:0, instance:Practice.AppiumFramework.SDET_MobileAssignment@6babf3bf]" started-at="2021-01-03T20:01:21 IST" name="afterclass" finished-at="2021-01-03T20:01:22 IST" duration-ms="112" status="PASS">
          <reporter-output>
          </reporter-output>
        </test-method> <!-- afterclass -->
      </class> <!-- Practice.AppiumFramework.SDET_MobileAssignment -->
    </test> <!-- Test -->
  </suite> <!-- Suite -->
</testng-results>
