<?xml version="1.0" encoding="UTF-8"?>
<testng-results ignored="0" total="5" passed="5" failed="0" skipped="0">
  <reporter-output>
  </reporter-output>
  <suite started-at="2021-01-03T20:42:32 IST" name="Suite" finished-at="2021-01-03T20:46:29 IST" duration-ms="236900">
    <groups>
    </groups>
    <test started-at="2021-01-03T20:42:32 IST" name="Test" finished-at="2021-01-03T20:46:29 IST" duration-ms="236900">
      <class name="Practice.AppiumFramework.SDET_MobileAssignment">
        <test-method is-config="true" signature="beforetest()[pri:0, instance:Practice.AppiumFramework.SDET_MobileAssignment@6babf3bf]" started-at="2021-01-03T20:42:32 IST" name="beforetest" finished-at="2021-01-03T20:42:34 IST" duration-ms="2049" status="PASS">
          <reporter-output>
          </reporter-output>
        </test-method> <!-- beforetest -->
        <test-method signature="signIn()[pri:0, instance:Practice.AppiumFramework.SDET_MobileAssignment@6babf3bf]" started-at="2021-01-03T20:42:34 IST" name="signIn" finished-at="2021-01-03T20:43:57 IST" duration-ms="83353" status="PASS">
          <reporter-output>
          </reporter-output>
        </test-method> <!-- signIn -->
        <test-method signature="joinClass()[pri:1, instance:Practice.AppiumFramework.SDET_MobileAssignment@6babf3bf]" started-at="2021-01-03T20:43:57 IST" name="joinClass" finished-at="2021-01-03T20:44:29 IST" duration-ms="32224" status="PASS">
          <reporter-output>
          </reporter-output>
        </test-method> <!-- joinClass -->
        <test-method signature="courseSearch()[pri:2, instance:Practice.AppiumFramework.SDET_MobileAssignment@6babf3bf]" started-at="2021-01-03T20:44:29 IST" name="courseSearch" finished-at="2021-01-03T20:44:53 IST" duration-ms="23954" status="PASS">
          <reporter-output>
          </reporter-output>
        </test-method> <!-- courseSearch -->
        <test-method signature="manageTeacher()[pri:3, instance:Practice.AppiumFramework.SDET_MobileAssignment@6babf3bf]" started-at="2021-01-03T20:44:53 IST" name="manageTeacher" finished-at="2021-01-03T20:45:08 IST" duration-ms="14903" status="PASS">
          <reporter-output>
          </reporter-output>
        </test-method> <!-- manageTeacher -->
        <test-method signature="termsOfservice()[pri:4, instance:Practice.AppiumFramework.SDET_MobileAssignment@6babf3bf]" started-at="2021-01-03T20:45:08 IST" name="termsOfservice" finished-at="2021-01-03T20:46:28 IST" duration-ms="80176" status="PASS">
          <reporter-output>
          </reporter-output>
        </test-method> <!-- termsOfservice -->
        <test-method is-config="true" signature="afterclass()[pri:0, instance:Practice.AppiumFramework.SDET_MobileAssignment@6babf3bf]" started-at="2021-01-03T20:46:29 IST" name="afterclass" finished-at="2021-01-03T20:46:29 IST" duration-ms="103" status="PASS">
          <reporter-output>
          </reporter-output>
        </test-method> <!-- afterclass -->
      </class> <!-- Practice.AppiumFramework.SDET_MobileAssignment -->
    </test> <!-- Test -->
  </suite> <!-- Suite -->
</testng-results>
